<?xml version="1.0" encoding="UTF-8"?>
<testsuite xmlns:xsi="http://www.w3.org/2001/XMLSchema-instance" xsi:noNamespaceSchemaLocation="https://maven.apache.org/surefire/maven-surefire-plugin/xsd/surefire-test-report-3.0.xsd" version="3.0" name="com.example.my_blog_spring.MyBlogSpringApplicationTests" time="5.789" tests="1" errors="0" skipped="0" failures="0">
  <properties>
[...]
</properties>
  <testcase name="contextLoads" classname="com.example.my_blog_spring.MyBlogSpringApplicationTests" time="0.638">
    <system-out><![CDATA[16:43:59.746 [main] INFO org.springframework.test.context.support.AnnotationConfigContextLoaderUtils -- Could not detect default configuration classes for test class [com.example.my_blog_spring.MyBlogSpringApplicationTests]: MyBlogSpringApplicationTests does not declare any static, non-private, non-final, nested classes annotated with @Configuration.
16:43:59.896 [main] INFO org.springframework.boot.test.context.SpringBootTestContextBootstrapper -- Found @SpringBootConfiguration com.example.my_blog_spring.MyBlogSpringApplication for test class com.example.my_blog_spring.MyBlogSpringApplicationTests

  .   ____          _            __ _ _
 /\\ / ___'_ __ _ _(_)_ __  __ _ \ \ \ \
( ( )\___ | '_ | '_| | '_ \/ _` | \ \ \ \
 \\/  ___)| |_)| | | | | || (_| |  ) ) ) )
  '  |____| .__|_| |_|_| |_\__, | / / / /
 =========|_|==============|___/=/_/_/_/
 :: Spring Boot ::                (v3.2.0)

2025-09-02T16:44:00.381+08:00  INFO 26052 --- [my_blog_spring] [           main] c.e.m.MyBlogSpringApplicationTests       : Starting MyBlogSpringApplicationTests using Java 21.0.5 with PID 26052 (started by Bagwell_yang in C:\my_blog_fullstack\my_blog_spring)
2025-09-02T16:44:00.382+08:00  INFO 26052 --- [my_blog_spring] [           main] c.e.m.MyBlogSpringApplicationTests       : No active profile set, falling back to 1 default profile: "default"
2025-09-02T16:44:01.123+08:00  INFO 26052 --- [my_blog_spring] [           main] .s.d.r.c.RepositoryConfigurationDelegate : Bootstrapping Spring Data JPA repositories in DEFAULT mode.
2025-09-02T16:44:01.190+08:00  INFO 26052 --- [my_blog_spring] [           main] .s.d.r.c.RepositoryConfigurationDelegate : Finished Spring Data repository scanning in 58 ms. Found 1 JPA repository interface.
2025-09-02T16:44:01.711+08:00  INFO 26052 --- [my_blog_spring] [           main] o.hibernate.jpa.internal.util.LogHelper  : HHH000204: Processing PersistenceUnitInfo [name: default]
2025-09-02T16:44:01.798+08:00  INFO 26052 --- [my_blog_spring] [           main] org.hibernate.Version                    : HHH000412: Hibernate ORM core version 6.3.1.Final
2025-09-02T16:44:01.851+08:00  INFO 26052 --- [my_blog_spring] [           main] o.h.c.internal.RegionFactoryInitiator    : HHH000026: Second-level cache disabled
2025-09-02T16:44:02.220+08:00  INFO 26052 --- [my_blog_spring] [           main] o.s.o.j.p.SpringPersistenceUnitInfo      : No LoadTimeWeaver setup: ignoring JPA class transformer
2025-09-02T16:44:02.260+08:00  INFO 26052 --- [my_blog_spring] [           main] com.zaxxer.hikari.HikariDataSource       : HikariPool-1 - Starting...
2025-09-02T16:44:02.587+08:00  INFO 26052 --- [my_blog_spring] [           main] com.zaxxer.hikari.pool.HikariPool        : HikariPool-1 - Added connection com.mysql.cj.jdbc.ConnectionImpl@1d8e9d3e
2025-09-02T16:44:02.590+08:00  INFO 26052 --- [my_blog_spring] [           main] com.zaxxer.hikari.HikariDataSource       : HikariPool-1 - Start completed.
2025-09-02T16:44:03.655+08:00  INFO 26052 --- [my_blog_spring] [           main] o.h.e.t.j.p.i.JtaPlatformInitiator       : HHH000489: No JTA platform available (set 'hibernate.transaction.jta.platform' to enable JTA platform integration)
2025-09-02T16:44:03.714+08:00  INFO 26052 --- [my_blog_spring] [           main] j.LocalContainerEntityManagerFactoryBean : Initialized JPA EntityManagerFactory for persistence unit 'default'
2025-09-02T16:44:04.191+08:00  WARN 26052 --- [my_blog_spring] [           main] JpaBaseConfiguration$JpaWebConfiguration : spring.jpa.open-in-view is enabled by default. Therefore, database queries may be performed during view rendering. Explicitly configure spring.jpa.open-in-view to disable this warning
2025-09-02T16:44:04.673+08:00  INFO 26052 --- [my_blog_spring] [           main] c.e.m.MyBlogSpringApplicationTests       : Started MyBlogSpringApplicationTests in 4.585 seconds (process running for 5.74)
]]></system-out>
    <system-err><![CDATA[WARNING: A Java agent has been loaded dynamically (C:\Users\Bagwell_yang\.m2\repository\net\bytebuddy\byte-buddy-agent\1.14.10\byte-buddy-agent-1.14.10.jar)
WARNING: If a serviceability tool is in use, please run with -XX:+EnableDynamicAgentLoading to hide this warning
WARNING: If a serviceability tool is not in use, please run with -Djdk.instrument.traceUsage for more information
WARNING: Dynamic loading of agents will be disallowed by default in a future release
]]></system-err>
  </testcase>
</testsuite>